2022-04-06 09:52:10.995  INFO 24468 --- [restartedMain] com.rubypaper.Chapter03Application       : Starting Chapter03Application using Java 17.0.2 on DESKTOP-03UKKU0 with PID 24468 (C:\DEV\eclipse-workspace\Chapter03\target\classes started by zebra in C:\DEV\eclipse-workspace\Chapter03)
2022-04-06 09:52:10.996 DEBUG 24468 --- [restartedMain] com.rubypaper.Chapter03Application       : Running with Spring Boot v2.6.6, Spring v5.3.18
2022-04-06 09:52:10.996  INFO 24468 --- [restartedMain] com.rubypaper.Chapter03Application       : No active profile set, falling back to 1 default profile: "default"
2022-04-06 09:52:11.169  INFO 24468 --- [restartedMain] o.s.b.w.embedded.tomcat.TomcatWebServer  : Tomcat initialized with port(s): 8088 (http)
2022-04-06 09:52:11.169  INFO 24468 --- [restartedMain] o.apache.catalina.core.StandardService   : Starting service [Tomcat]
2022-04-06 09:52:11.169  INFO 24468 --- [restartedMain] org.apache.catalina.core.StandardEngine  : Starting Servlet engine: [Apache Tomcat/9.0.60]
2022-04-06 09:52:11.191  INFO 24468 --- [restartedMain] o.a.c.c.C.[Tomcat].[localhost].[/]       : Initializing Spring embedded WebApplicationContext
2022-04-06 09:52:11.191  INFO 24468 --- [restartedMain] w.s.c.ServletWebServerApplicationContext : Root WebApplicationContext: initialization completed in 191 ms
2022-04-06 09:52:11.200  INFO 24468 --- [restartedMain] com.zaxxer.hikari.HikariDataSource       : HikariPool-12 - Starting...
2022-04-06 09:52:11.220  INFO 24468 --- [restartedMain] com.zaxxer.hikari.HikariDataSource       : HikariPool-12 - Start completed.
2022-04-06 09:52:11.220  INFO 24468 --- [restartedMain] o.s.b.a.h2.H2ConsoleAutoConfiguration    : H2 console available at '/h2-console'. Database available at 'jdbc:h2:tcp://localhost/~/test'
2022-04-06 09:52:11.292  INFO 24468 --- [restartedMain] o.s.b.d.a.OptionalLiveReloadServer       : LiveReload server is running on port 35729
2022-04-06 09:52:11.299  INFO 24468 --- [restartedMain] o.s.b.w.embedded.tomcat.TomcatWebServer  : Tomcat started on port(s): 8088 (http) with context path ''
2022-04-06 09:52:11.302  INFO 24468 --- [restartedMain] com.rubypaper.Chapter03Application       : Started Chapter03Application in 0.355 seconds (JVM running for 552.887)
2022-04-06 09:52:11.302 DEBUG 24468 --- [restartedMain] com.rubypaper.service.LoggingRunner      : DEGUB 레벨 로그
2022-04-06 09:52:11.302  INFO 24468 --- [restartedMain] com.rubypaper.service.LoggingRunner      : INFO 레벨 로그
2022-04-06 09:52:11.303  WARN 24468 --- [restartedMain] com.rubypaper.service.LoggingRunner      : WARN 레벨 로그
2022-04-06 09:52:11.303 ERROR 24468 --- [restartedMain] com.rubypaper.service.LoggingRunner      : ERROR 레벨 로그
2022-04-06 09:52:11.304  INFO 24468 --- [restartedMain] .ConditionEvaluationDeltaLoggingListener : Condition evaluation unchanged
2022-04-06 09:54:05.985  WARN 24468 --- [Thread-47] o.s.b.f.support.DisposableBeanAdapter    : Invocation of destroy method failed on bean with name 'inMemoryDatabaseShutdownExecutor': org.h2.jdbc.JdbcSQLNonTransientConnectionException: Database is already closed (to disable automatic closing at VM shutdown, add ";DB_CLOSE_ON_EXIT=FALSE" to the db URL) [90121-200]
2022-04-06 09:54:05.986  INFO 24468 --- [Thread-47] com.zaxxer.hikari.HikariDataSource       : HikariPool-12 - Shutdown initiated...
2022-04-06 09:54:05.990  INFO 24468 --- [Thread-47] com.zaxxer.hikari.HikariDataSource       : HikariPool-12 - Shutdown completed.
